generator.adb:12:03: (style) subprogram body has no previous spec
generator.adb:13:06: not type conformant with declaration at generator.ads:16
generator.adb:13:06: type of "Project_Data" does not match
generator.adb:13:38: "Data_T" not declared in "Project_Loader"
generator.adb:15:22: "Object_T" is not visible
generator.adb:15:22: non-visible declaration at model-root_project.ads:10
generator.adb:15:22: non-visible declaration at model-project.ads:13
generator.adb:15:22: non-visible declaration at model-operation.ads:17
generator.adb:15:22: non-visible declaration at model-parameter.ads:11
generator.adb:15:22: non-visible declaration at model-field.ads:13
generator.adb:15:22: non-visible declaration at model-types-class_def.ads:18
generator.adb:15:22: non-visible declaration at model-package_def.ads:16
generator.adb:15:22: non-visible declaration at model-dependency.ads:15
generator.adb:15:22: non-visible declaration at model-types-interface_def.ads:15
generator.adb:15:22: non-visible declaration at model-types-type_def.ads:10
generator.adb:15:22: non-visible declaration at model-visitor-template.ads:9
generator.adb:15:22: non-visible declaration at model-namespace.ads:17
generator.adb:15:22: non-visible declaration at model-named_element.ads:10
generator.adb:15:22: non-visible declaration at model-element.ads:8
generator.adb:15:22: non-visible declaration at model-visitor-printer.ads:7
generator.adb:15:22: non-visible declaration at model-visitor.ads:20
generator.adb:18:07: invalid prefix in selected component "Project_Data"
generator.adb:20:05: invalid prefix in selected component "With_Templates"
generator.adb:40:03: (style) subprogram body has no previous spec
generator.adb:40:03: subprogram "Visit_Project" is not overriding
generator.adb:41:22: "Object_T" is not visible
generator.adb:41:22: non-visible declaration at model-root_project.ads:10
generator.adb:41:22: non-visible declaration at model-project.ads:13
generator.adb:41:22: non-visible declaration at model-operation.ads:17
generator.adb:41:22: non-visible declaration at model-parameter.ads:11
generator.adb:41:22: non-visible declaration at model-field.ads:13
generator.adb:41:22: non-visible declaration at model-types-class_def.ads:18
generator.adb:41:22: non-visible declaration at model-package_def.ads:16
generator.adb:41:22: non-visible declaration at model-dependency.ads:15
generator.adb:41:22: non-visible declaration at model-types-interface_def.ads:15
generator.adb:41:22: non-visible declaration at model-types-type_def.ads:10
generator.adb:41:22: non-visible declaration at model-visitor-template.ads:9
generator.adb:41:22: non-visible declaration at model-namespace.ads:17
generator.adb:41:22: non-visible declaration at model-named_element.ads:10
generator.adb:41:22: non-visible declaration at model-element.ads:8
generator.adb:41:22: non-visible declaration at model-visitor-printer.ads:7
generator.adb:41:22: non-visible declaration at model-visitor.ads:20
generator.adb:48:03: (style) subprogram body has no previous spec
generator.adb:48:03: subprogram "Visit_Module" is not overriding
generator.adb:49:22: "Object_T" is not visible
generator.adb:49:22: non-visible declaration at model-root_project.ads:10
generator.adb:49:22: non-visible declaration at model-project.ads:13
generator.adb:49:22: non-visible declaration at model-operation.ads:17
generator.adb:49:22: non-visible declaration at model-parameter.ads:11
generator.adb:49:22: non-visible declaration at model-field.ads:13
generator.adb:49:22: non-visible declaration at model-types-class_def.ads:18
generator.adb:49:22: non-visible declaration at model-package_def.ads:16
generator.adb:49:22: non-visible declaration at model-dependency.ads:15
generator.adb:49:22: non-visible declaration at model-types-interface_def.ads:15
generator.adb:49:22: non-visible declaration at model-types-type_def.ads:10
generator.adb:49:22: non-visible declaration at model-visitor-template.ads:9
generator.adb:49:22: non-visible declaration at model-namespace.ads:17
generator.adb:49:22: non-visible declaration at model-named_element.ads:10
generator.adb:49:22: non-visible declaration at model-element.ads:8
generator.adb:49:22: non-visible declaration at model-visitor-printer.ads:7
generator.adb:49:22: non-visible declaration at model-visitor.ads:20
generator.adb:50:27: "Module" not declared in "Model"
generator.adb:56:43: invalid prefix in selected component "Object"
generator.adb:58:47: invalid prefix in selected component "Self"
generator.adb:59:17: invalid prefix in selected component "Object"
generator.adb:60:33: invalid prefix in selected component "Object"
generator.adb:63:20: invalid prefix in selected component "Object"
generator.adb:64:07: "Element" is not visible
generator.adb:64:07: non-visible declaration at a-convec.ads:119, instance at string_utils.ads:79
generator.adb:64:07: non-visible declaration at a-convec.ads:115, instance at string_utils.ads:79
generator.adb:64:07: non-visible declaration at a-strbou.ads:135, instance at string_utils.ads:43
generator.adb:64:07: non-visible declaration at a-convec.ads:119, instance at model-root_project.ads:16
generator.adb:64:07: non-visible declaration at a-convec.ads:115, instance at model-root_project.ads:16
generator.adb:64:07: non-visible declaration at a-convec.ads:119, instance at model-project.ads:19
generator.adb:64:07: non-visible declaration at a-convec.ads:115, instance at model-project.ads:19
generator.adb:64:07: non-visible declaration at a-convec.ads:119, instance at model-operation.ads:23
generator.adb:64:07: non-visible declaration at a-convec.ads:115, instance at model-operation.ads:23
generator.adb:64:07: non-visible declaration at a-convec.ads:119, instance at model-parameter.ads:17
generator.adb:64:07: non-visible declaration at a-convec.ads:115, instance at model-parameter.ads:17
generator.adb:64:07: non-visible declaration at a-convec.ads:119, instance at model-field.ads:19
generator.adb:64:07: non-visible declaration at a-convec.ads:115, instance at model-field.ads:19
generator.adb:64:07: non-visible declaration at a-convec.ads:119, instance at model-types-class_def.ads:24
generator.adb:64:07: non-visible declaration at a-convec.ads:115, instance at model-types-class_def.ads:24
generator.adb:64:07: non-visible declaration at a-convec.ads:119, instance at model-package_def.ads:22
generator.adb:64:07: non-visible declaration at a-convec.ads:115, instance at model-package_def.ads:22
generator.adb:64:07: non-visible declaration at a-convec.ads:119, instance at model-dependency.ads:21
generator.adb:64:07: non-visible declaration at a-convec.ads:115, instance at model-dependency.ads:21
generator.adb:64:07: non-visible declaration at a-convec.ads:119, instance at model-types-interface_def.ads:21
generator.adb:64:07: non-visible declaration at a-convec.ads:115, instance at model-types-interface_def.ads:21
generator.adb:64:07: non-visible declaration at a-convec.ads:119, instance at model-types-type_def.ads:16
generator.adb:64:07: non-visible declaration at a-convec.ads:115, instance at model-types-type_def.ads:16
generator.adb:64:07: non-visible declaration at a-convec.ads:119, instance at model-visitor-template.ads:22
generator.adb:64:07: non-visible declaration at a-convec.ads:115, instance at model-visitor-template.ads:22
generator.adb:64:07: non-visible declaration at a-convec.ads:119, instance at model-namespace.ads:23
generator.adb:64:07: non-visible declaration at a-convec.ads:115, instance at model-namespace.ads:23
generator.adb:64:07: non-visible declaration at a-convec.ads:119, instance at model-named_element.ads:16
generator.adb:64:07: non-visible declaration at a-convec.ads:115, instance at model-named_element.ads:16
generator.adb:64:07: non-visible declaration at a-convec.ads:119, instance at model-element.ads:16
generator.adb:64:07: non-visible declaration at a-convec.ads:115, instance at model-element.ads:16
generator.adb:64:07: non-visible declaration at model-element.ads:4
generator.adb:64:07: non-visible declaration at a-convec.ads:119, instance at model-visitor-printer.ads:20
generator.adb:64:07: non-visible declaration at a-convec.ads:115, instance at model-visitor-printer.ads:20
generator.adb:64:07: non-visible declaration at a-convec.ads:119, instance at model-visitor.ads:28
generator.adb:64:07: non-visible declaration at a-convec.ads:115, instance at model-visitor.ads:28
generator.adb:64:07: non-visible declaration at a-strunb.ads:139
generator.adb:71:03: (style) subprogram body has no previous spec
generator.adb:71:03: subprogram "Visit_Package" is not overriding
generator.adb:72:22: "Object_T" is not visible
generator.adb:72:22: non-visible declaration at model-root_project.ads:10
generator.adb:72:22: non-visible declaration at model-project.ads:13
generator.adb:72:22: non-visible declaration at model-operation.ads:17
generator.adb:72:22: non-visible declaration at model-parameter.ads:11
generator.adb:72:22: non-visible declaration at model-field.ads:13
generator.adb:72:22: non-visible declaration at model-types-class_def.ads:18
generator.adb:72:22: non-visible declaration at model-package_def.ads:16
generator.adb:72:22: non-visible declaration at model-dependency.ads:15
generator.adb:72:22: non-visible declaration at model-types-interface_def.ads:15
generator.adb:72:22: non-visible declaration at model-types-type_def.ads:10
generator.adb:72:22: non-visible declaration at model-visitor-template.ads:9
generator.adb:72:22: non-visible declaration at model-namespace.ads:17
generator.adb:72:22: non-visible declaration at model-named_element.ads:10
generator.adb:72:22: non-visible declaration at model-element.ads:8
generator.adb:72:22: non-visible declaration at model-visitor-printer.ads:7
generator.adb:72:22: non-visible declaration at model-visitor.ads:20
generator.adb:91:03: (style) subprogram body has no previous spec
generator.adb:91:03: subprogram "Visit_Class" is not overriding
generator.adb:92:22: "Object_T" is not visible
generator.adb:92:22: non-visible declaration at model-root_project.ads:10
generator.adb:92:22: non-visible declaration at model-project.ads:13
generator.adb:92:22: non-visible declaration at model-operation.ads:17
generator.adb:92:22: non-visible declaration at model-parameter.ads:11
generator.adb:92:22: non-visible declaration at model-field.ads:13
generator.adb:92:22: non-visible declaration at model-types-class_def.ads:18
generator.adb:92:22: non-visible declaration at model-package_def.ads:16
generator.adb:92:22: non-visible declaration at model-dependency.ads:15
generator.adb:92:22: non-visible declaration at model-types-interface_def.ads:15
generator.adb:92:22: non-visible declaration at model-types-type_def.ads:10
generator.adb:92:22: non-visible declaration at model-visitor-template.ads:9
generator.adb:92:22: non-visible declaration at model-namespace.ads:17
generator.adb:92:22: non-visible declaration at model-named_element.ads:10
generator.adb:92:22: non-visible declaration at model-element.ads:8
generator.adb:92:22: non-visible declaration at model-visitor-printer.ads:7
generator.adb:92:22: non-visible declaration at model-visitor.ads:20
generator.adb:103:03: (style) subprogram body has no previous spec
generator.adb:103:03: subprogram "Visit_Field" is not overriding
generator.adb:104:22: "Object_T" is not visible
generator.adb:104:22: non-visible declaration at model-root_project.ads:10
generator.adb:104:22: non-visible declaration at model-project.ads:13
generator.adb:104:22: non-visible declaration at model-operation.ads:17
generator.adb:104:22: non-visible declaration at model-parameter.ads:11
generator.adb:104:22: non-visible declaration at model-field.ads:13
generator.adb:104:22: non-visible declaration at model-types-class_def.ads:18
generator.adb:104:22: non-visible declaration at model-package_def.ads:16
generator.adb:104:22: non-visible declaration at model-dependency.ads:15
generator.adb:104:22: non-visible declaration at model-types-interface_def.ads:15
generator.adb:104:22: non-visible declaration at model-types-type_def.ads:10
generator.adb:104:22: non-visible declaration at model-visitor-template.ads:9
generator.adb:104:22: non-visible declaration at model-namespace.ads:17
generator.adb:104:22: non-visible declaration at model-named_element.ads:10
generator.adb:104:22: non-visible declaration at model-element.ads:8
generator.adb:104:22: non-visible declaration at model-visitor-printer.ads:7
generator.adb:104:22: non-visible declaration at model-visitor.ads:20
generator.adb:115:03: (style) subprogram body has no previous spec
generator.adb:115:03: subprogram "Visit_Operation" is not overriding
generator.adb:116:22: "Object_T" is not visible
generator.adb:116:22: non-visible declaration at model-root_project.ads:10
generator.adb:116:22: non-visible declaration at model-project.ads:13
generator.adb:116:22: non-visible declaration at model-operation.ads:17
generator.adb:116:22: non-visible declaration at model-parameter.ads:11
generator.adb:116:22: non-visible declaration at model-field.ads:13
generator.adb:116:22: non-visible declaration at model-types-class_def.ads:18
generator.adb:116:22: non-visible declaration at model-package_def.ads:16
generator.adb:116:22: non-visible declaration at model-dependency.ads:15
generator.adb:116:22: non-visible declaration at model-types-interface_def.ads:15
generator.adb:116:22: non-visible declaration at model-types-type_def.ads:10
generator.adb:116:22: non-visible declaration at model-visitor-template.ads:9
generator.adb:116:22: non-visible declaration at model-namespace.ads:17
generator.adb:116:22: non-visible declaration at model-named_element.ads:10
generator.adb:116:22: non-visible declaration at model-element.ads:8
generator.adb:116:22: non-visible declaration at model-visitor-printer.ads:7
generator.adb:116:22: non-visible declaration at model-visitor.ads:20
generator.adb:127:03: (style) subprogram body has no previous spec
generator.adb:127:03: subprogram "Visit_Parameter" is not overriding
generator.adb:128:22: "Object_T" is not visible
generator.adb:128:22: non-visible declaration at model-root_project.ads:10
generator.adb:128:22: non-visible declaration at model-project.ads:13
generator.adb:128:22: non-visible declaration at model-operation.ads:17
generator.adb:128:22: non-visible declaration at model-parameter.ads:11
generator.adb:128:22: non-visible declaration at model-field.ads:13
generator.adb:128:22: non-visible declaration at model-types-class_def.ads:18
generator.adb:128:22: non-visible declaration at model-package_def.ads:16
generator.adb:128:22: non-visible declaration at model-dependency.ads:15
generator.adb:128:22: non-visible declaration at model-types-interface_def.ads:15
generator.adb:128:22: non-visible declaration at model-types-type_def.ads:10
generator.adb:128:22: non-visible declaration at model-visitor-template.ads:9
generator.adb:128:22: non-visible declaration at model-namespace.ads:17
generator.adb:128:22: non-visible declaration at model-named_element.ads:10
generator.adb:128:22: non-visible declaration at model-element.ads:8
generator.adb:128:22: non-visible declaration at model-visitor-printer.ads:7
generator.adb:128:22: non-visible declaration at model-visitor.ads:20
generator.ads:1:19: warning: unit "Model.Visitor.Template" is not referenced in spec
generator.ads:1:19: warning: with clause might be moved to body
generator.ads:2:17: warning: unit "Model.Types.Class_Def" is not referenced in spec
generator.ads:2:17: warning: with clause might be moved to body
generator.ads:6:11: warning: unit "Model.Field" is not referenced in spec
generator.ads:6:11: warning: with clause might be moved to body
generator.ads:7:11: warning: unit "Model.Package_Def" is not referenced in spec
generator.ads:7:11: warning: with clause might be moved to body
generator.ads:9:06: file "model-module.ads" not found
generator.ads:9:06: "Generator (body)" depends on "Generator (spec)"
generator.ads:9:06: "Generator (spec)" depends on "Model.Module (spec)"
generator.ads:9:11: warning: unit "Model.Module" is not referenced
generator.ads:10:11: warning: unit "Model.Parameter" is not referenced in spec
generator.ads:10:11: warning: with clause might be moved to body
generator.ads:11:11: warning: unit "Model.Operation" is not referenced in spec
generator.ads:11:11: warning: with clause might be moved to body
model-visitor-template.ads:9:08: type must be declared abstract or "Visit_Root_Project" overridden
model-visitor-template.ads:9:08: "Visit_Root_Project" has been inherited from subprogram at model-visitor.ads:91
model-visitor-template.ads:71:03: subprogram "Visit_Module" is not overriding
model-visitor-template.ads:73:27: "Module" not declared in "Model"
